#
# A fatal error has been detected by the Java Runtime Environment:
#
#  Internal Error (javaCalls.cpp:51), pid=7478, tid=0x00007ff20d3e9700
#  guarantee(thread->is_Java_thread()) failed: crucial check - the VM thread cannot and must not escape to Java code
#
# JRE version: OpenJDK Runtime Environment (8.0_181-b13) (build 1.8.0_181-8u181-b13-0ubuntu0.16.04.1-b13)
# Java VM: OpenJDK 64-Bit Server VM (25.181-b13 mixed mode linux-amd64 compressed oops)
# Failed to write core dump. Core dumps have been disabled. To enable core dumping, try "ulimit -c unlimited" before starting Java again
#
# If you would like to submit a bug report, please visit:
#   http://bugreport.java.com/bugreport/crash.jsp
#

---------------  T H R E A D  ---------------

Current thread (0x00007ff22007c000):  VMThread [stack: 0x00007ff20d2e9000,0x00007ff20d3ea000] [id=7489]

Stack: [0x00007ff20d2e9000,0x00007ff20d3ea000],  sp=0x00007ff20d3e7850,  free space=1018k
Native frames: (J=compiled Java code, j=interpreted, Vv=VM code, C=native code)
V  [libjvm.so+0xa70edb]
V  [libjvm.so+0x4c87ed]
V  [libjvm.so+0x66388f]
V  [libjvm.so+0x666076]
V  [libjvm.so+0x664964]
V  [libjvm.so+0x556991]
V  [libjvm.so+0x55886a]
V  [libjvm.so+0x5c28f3]
V  [libjvm.so+0x5c3e97]
V  [libjvm.so+0x5c4162]
V  [libjvm.so+0x5c5f79]
V  [libjvm.so+0x5c9757]
V  [libjvm.so+0x5c9b45]
V  [libjvm.so+0x8af59f]
V  [libjvm.so+0x8b11ae]
V  [libjvm.so+0x8b2c1e]
V  [libjvm.so+0x6259d3]
V  [libjvm.so+0x84655b]
V  [libjvm.so+0x7383fc]
V  [libjvm.so+0xa77d27]
V  [libjvm.so+0xa75427]
V  [libjvm.so+0xa768af]
V  [libjvm.so+0xa76da1]
V  [libjvm.so+0x8bae12]

VM_Operation (0x00007ff20cddf9a0): GetOrSetLocal, mode: safepoint, requested by thread 0x00007ff2200c6800


---------------  P R O C E S S  ---------------

Java Threads: ( => current thread )
  0x00007ff2200f6800 JavaThread "Service Thread" daemon [_thread_blocked, id=7505, stack(0x00007ff20c6da000,0x00007ff20c7db000)]
  0x00007ff2200d1000 JavaThread "C1 CompilerThread2" daemon [_thread_blocked, id=7504, stack(0x00007ff20c7db000,0x00007ff20c8dc000)]
  0x00007ff2200cf800 JavaThread "C2 CompilerThread1" daemon [_thread_blocked, id=7503, stack(0x00007ff20c8dc000,0x00007ff20c9dd000)]
  0x00007ff2200cc800 JavaThread "C2 CompilerThread0" daemon [_thread_blocked, id=7502, stack(0x00007ff20c9dd000,0x00007ff20cade000)]
  0x00007ff1e4001000 JavaThread "JDWP Command Reader" daemon [_thread_in_native, id=7499, stack(0x00007ff20cade000,0x00007ff20cbdf000)]
  0x00007ff2200ca000 JavaThread "JDWP Event Helper Thread" daemon [_thread_blocked, id=7497, stack(0x00007ff20cbdf000,0x00007ff20cce0000)]
  0x00007ff2200c6800 JavaThread "JDWP Transport Listener: dt_socket" daemon [_thread_blocked, id=7495, stack(0x00007ff20cce0000,0x00007ff20cde1000)]
  0x00007ff2200ba000 JavaThread "Signal Dispatcher" daemon [_thread_blocked, id=7493, stack(0x00007ff20cfe6000,0x00007ff20d0e7000)]
  0x00007ff220088000 JavaThread "Finalizer" daemon [_thread_blocked, id=7491, stack(0x00007ff20d0e7000,0x00007ff20d1e8000)]
  0x00007ff220083800 JavaThread "Reference Handler" daemon [_thread_blocked, id=7490, stack(0x00007ff20d1e8000,0x00007ff20d2e9000)]
  0x00007ff22000e800 JavaThread "main" [_thread_blocked, id=7484, stack(0x00007ff226cbf000,0x00007ff226dc0000)]

Other Threads:
=>0x00007ff22007c000 VMThread [stack: 0x00007ff20d2e9000,0x00007ff20d3ea000] [id=7489]
  0x00007ff2200f9000 WatcherThread [stack: 0x00007ff20c5d9000,0x00007ff20c6da000] [id=7506]

VM state:at safepoint (normal execution)

VM Mutex/Monitor currently owned by a thread:  ([mutex/lock_event])
[0x00007ff22000acf0] Threads_lock - owner thread: 0x00007ff22007c000

Heap:
 PSYoungGen      total 36864K, used 10991K [0x00000000d7100000, 0x00000000d9a00000, 0x0000000100000000)
  eden space 31744K, 19% used [0x00000000d7100000,0x00000000d7723fd0,0x00000000d9000000)
  from space 5120K, 91% used [0x00000000d9000000,0x00000000d9497d00,0x00000000d9500000)
  to   space 5120K, 0% used [0x00000000d9500000,0x00000000d9500000,0x00000000d9a00000)
 ParOldGen       total 84992K, used 16K [0x0000000085200000, 0x000000008a500000, 0x00000000d7100000)
  object space 84992K, 0% used [0x0000000085200000,0x0000000085204000,0x000000008a500000)
 Metaspace       used 10612K, capacity 11652K, committed 11776K, reserved 1058816K
  class space    used 1325K, capacity 1500K, committed 1536K, reserved 1048576K

Card table byte_map: [0x00007ff20f704000,0x00007ff20fadc000] byte_map_base: 0x00007ff20f2db000

Marking Bits: (ParMarkBitMap*) 0x00007ff225f923a0
 Begin Bits: [0x00007ff204290000, 0x00007ff206148000)
 End Bits:   [0x00007ff206148000, 0x00007ff208000000)

Polling page: 0x00007ff226de6000

CodeCache: size=245760Kb used=4693Kb max_used=4693Kb free=241066Kb
 bounds [0x00007ff20fe9c000, 0x00007ff21033c000, 0x00007ff21ee9c000]
 total_blobs=1575 nmethods=1302 adapters=195
 compilation: enabled

Compilation events (10 events):
Event: 14,931 Thread 0x00007ff2200cc800 1298       4       java.io.StringWriter::write (11 bytes)
Event: 14,939 Thread 0x00007ff2200cc800 nmethod 1298 0x00007ff210328c50 code [0x00007ff210328dc0, 0x00007ff210329518]
Event: 24,897 Thread 0x00007ff2200d1000 1299       3       java.util.HashMap$HashIterator::nextNode (100 bytes)
Event: 24,898 Thread 0x00007ff2200d1000 nmethod 1299 0x00007ff21032a510 code [0x00007ff21032a6c0, 0x00007ff21032abb8]
Event: 115,669 Thread 0x00007ff2200d1000 1300   !   3       org.json.JSONObject::writeValue (257 bytes)
Event: 115,671 Thread 0x00007ff2200d1000 nmethod 1300 0x00007ff210332bd0 code [0x00007ff210332f60, 0x00007ff210334dd8]
Event: 455,865 Thread 0x00007ff2200d1000 1301       3       java.util.HashMap$KeyIterator::next (8 bytes)
Event: 455,866 Thread 0x00007ff2200d1000 nmethod 1301 0x00007ff21032a0d0 code [0x00007ff21032a240, 0x00007ff21032a468]
Event: 455,866 Thread 0x00007ff2200d1000 1302       3       java.io.StringWriter::write (10 bytes)
Event: 455,866 Thread 0x00007ff2200d1000 nmethod 1302 0x00007ff210329950 code [0x00007ff210329ae0, 0x00007ff210329f28]

GC Heap History (2 events):
Event: 1,060 GC heap before
{Heap before GC invocations=1 (full 0):
 PSYoungGen      total 36864K, used 31744K [0x00000000d7100000, 0x00000000d9a00000, 0x0000000100000000)
  eden space 31744K, 100% used [0x00000000d7100000,0x00000000d9000000,0x00000000d9000000)
  from space 5120K, 0% used [0x00000000d9500000,0x00000000d9500000,0x00000000d9a00000)
  to   space 5120K, 0% used [0x00000000d9000000,0x00000000d9000000,0x00000000d9500000)
 ParOldGen       total 84992K, used 0K [0x0000000085200000, 0x000000008a500000, 0x00000000d7100000)
  object space 84992K, 0% used [0x0000000085200000,0x0000000085200000,0x000000008a500000)
 Metaspace       used 9918K, capacity 10840K, committed 11008K, reserved 1058816K
  class space    used 1246K, capacity 1434K, committed 1536K, reserved 1048576K
Event: 1,067 GC heap after
Heap after GC invocations=1 (full 0):
 PSYoungGen      total 36864K, used 4703K [0x00000000d7100000, 0x00000000d9a00000, 0x0000000100000000)
  eden space 31744K, 0% used [0x00000000d7100000,0x00000000d7100000,0x00000000d9000000)
  from space 5120K, 91% used [0x00000000d9000000,0x00000000d9497d00,0x00000000d9500000)
  to   space 5120K, 0% used [0x00000000d9500000,0x00000000d9500000,0x00000000d9a00000)
 ParOldGen       total 84992K, used 16K [0x0000000085200000, 0x000000008a500000, 0x00000000d7100000)
  object space 84992K, 0% used [0x0000000085200000,0x0000000085204000,0x000000008a500000)
 Metaspace       used 9918K, capacity 10840K, committed 11008K, reserved 1058816K
  class space    used 1246K, capacity 1434K, committed 1536K, reserved 1048576K
}

Deoptimization events (10 events):
Event: 1,217 Thread 0x00007ff22000e800 Uncommon trap: reason=unhandled action=none pc=0x00007ff2100f7e10 method=com.github.javaparser.GeneratedJavaParser.jj_scan_token(I)Z @ 170
Event: 1,217 Thread 0x00007ff22000e800 Uncommon trap: reason=unhandled action=none pc=0x00007ff2100f7e10 method=com.github.javaparser.GeneratedJavaParser.jj_scan_token(I)Z @ 170
Event: 1,217 Thread 0x00007ff22000e800 Uncommon trap: reason=unhandled action=none pc=0x00007ff2100f7e10 method=com.github.javaparser.GeneratedJavaParser.jj_scan_token(I)Z @ 170
Event: 1,217 Thread 0x00007ff22000e800 Uncommon trap: reason=unhandled action=none pc=0x00007ff2100f7e10 method=com.github.javaparser.GeneratedJavaParser.jj_scan_token(I)Z @ 170
Event: 1,226 Thread 0x00007ff22000e800 Uncommon trap: reason=bimorphic action=maybe_recompile pc=0x00007ff2102562dc method=com.github.javaparser.ast.visitor.EqualsVisitor.nodeEquals(Lcom/github/javaparser/ast/Node;Lcom/github/javaparser/ast/Node;)Z @ 44
Event: 1,226 Thread 0x00007ff22000e800 Uncommon trap: reason=bimorphic action=maybe_recompile pc=0x00007ff2102562dc method=com.github.javaparser.ast.visitor.EqualsVisitor.nodeEquals(Lcom/github/javaparser/ast/Node;Lcom/github/javaparser/ast/Node;)Z @ 44
Event: 1,227 Thread 0x00007ff22000e800 Uncommon trap: reason=bimorphic action=maybe_recompile pc=0x00007ff2102562dc method=com.github.javaparser.ast.visitor.EqualsVisitor.nodeEquals(Lcom/github/javaparser/ast/Node;Lcom/github/javaparser/ast/Node;)Z @ 44
Event: 1,227 Thread 0x00007ff22000e800 Uncommon trap: reason=unstable_if action=reinterpret pc=0x00007ff21025606c method=com.github.javaparser.ast.visitor.EqualsVisitor.nodeEquals(Lcom/github/javaparser/ast/Node;Lcom/github/javaparser/ast/Node;)Z @ 25
Event: 1,244 Thread 0x00007ff22000e800 Uncommon trap: reason=class_check action=maybe_recompile pc=0x00007ff2102def80 method=java.util.regex.Pattern$Start.match(Ljava/util/regex/Matcher;ILjava/lang/CharSequence;)Z @ 44
Event: 1,244 Thread 0x00007ff22000e800 Uncommon trap: reason=unstable_if action=reinterpret pc=0x00007ff2102df294 method=java.util.regex.Matcher.search(I)Z @ 30

Classes redefined (10 events):
Event: 461,300 Thread 0x00007ff22007c000 redefined class name=it.enhancer.enhancer.Enhancer$Scope, count=2
Event: 461,307 Thread 0x00007ff22007c000 redefined class name=it.enhancer.enhancer.Enhancer, count=2
Event: 504,241 Thread 0x00007ff22007c000 redefined class name=it.enhancer.enhancer.Enhancer$MethodVisitor, count=3
Event: 504,254 Thread 0x00007ff22007c000 redefined class name=it.enhancer.enhancer.Enhancer$Argument, count=3
Event: 504,262 Thread 0x00007ff22007c000 redefined class name=it.enhancer.enhancer.Enhancer$Scope, count=3
Event: 504,278 Thread 0x00007ff22007c000 redefined class name=it.enhancer.enhancer.Enhancer, count=3
Event: 602,567 Thread 0x00007ff22007c000 redefined class name=it.enhancer.enhancer.Enhancer$MethodVisitor, count=4
Event: 602,573 Thread 0x00007ff22007c000 redefined class name=it.enhancer.enhancer.Enhancer$Argument, count=4
Event: 602,577 Thread 0x00007ff22007c000 redefined class name=it.enhancer.enhancer.Enhancer$Scope, count=4
Event: 602,582 Thread 0x00007ff22007c000 redefined class name=it.enhancer.enhancer.Enhancer, count=4

Internal exceptions (10 events):
Event: 0,410 Thread 0x00007ff22000e800 Exception <a 'java/security/PrivilegedActionException'> (0x00000000d7a7ab38) thrown at [/build/openjdk-8-pREaNj/openjdk-8-8u181-b13/src/hotspot/src/share/vm/prims/jvm.cpp, line 1435]
Event: 0,410 Thread 0x00007ff22000e800 Exception <a 'java/security/PrivilegedActionException'> (0x00000000d7a7af30) thrown at [/build/openjdk-8-pREaNj/openjdk-8-8u181-b13/src/hotspot/src/share/vm/prims/jvm.cpp, line 1435]
Event: 0,678 Thread 0x00007ff22000e800 Exception <a 'java/lang/NoSuchMethodError': java.lang.Object.lambda$getBegin$0(Lcom/github/javaparser/Range;)Lcom/github/javaparser/Position;> (0x00000000d84351f8) thrown at [/build/openjdk-8-pREaNj/openjdk-8-8u181-b13/src/hotspot/src/share/vm/interpreter
Event: 0,699 Thread 0x00007ff22000e800 Exception <a 'java/lang/NoSuchMethodError': java.lang.Object.lambda$getEnd$1(Lcom/github/javaparser/Range;)Lcom/github/javaparser/Position;> (0x00000000d848c790) thrown at [/build/openjdk-8-pREaNj/openjdk-8-8u181-b13/src/hotspot/src/share/vm/interpreter/l
Event: 0,881 Thread 0x00007ff22000e800 Exception <a 'java/lang/NoSuchMethodError': java.lang.Object.lambda$addModifier$0()Ljava/util/EnumSet;> (0x00000000d8a43f78) thrown at [/build/openjdk-8-pREaNj/openjdk-8-8u181-b13/src/hotspot/src/share/vm/interpreter/linkResolver.cpp, line 620]
Event: 0,948 Thread 0x00007ff22000e800 Exception <a 'java/lang/NoSuchMethodError': java.lang.Object.lambda$getMaximumCommonType$0(Lcom/github/javaparser/ast/body/VariableDeclarator;)Lcom/github/javaparser/ast/type/Type;> (0x00000000d8bd3918) thrown at [/build/openjdk-8-pREaNj/openjdk-8-8u181-b
Event: 0,951 Thread 0x00007ff22000e800 Exception <a 'java/lang/NoSuchMethodError': java.lang.Object.lambda$calculateMaximumCommonType$1(Lcom/github/javaparser/ast/nodeTypes/NodeWithVariables$1Helper;ILcom/github/javaparser/ast/type/Type;)Ljava/lang/String;> (0x00000000d8be0818) thrown at [/bui
Event: 1,079 Thread 0x00007ff22000e800 Exception <a 'java/lang/ArrayIndexOutOfBoundsException'> (0x00000000d7121128) thrown at [/build/openjdk-8-pREaNj/openjdk-8-8u181-b13/src/hotspot/src/share/vm/runtime/sharedRuntime.cpp, line 605]
Event: 1,081 Thread 0x00007ff22000e800 Exception <a 'java/lang/ArrayIndexOutOfBoundsException'> (0x00000000d7128048) thrown at [/build/openjdk-8-pREaNj/openjdk-8-8u181-b13/src/hotspot/src/share/vm/runtime/sharedRuntime.cpp, line 605]
Event: 1,083 Thread 0x00007ff22000e800 Exception <a 'java/lang/ArrayIndexOutOfBoundsException'> (0x00000000d7134520) thrown at [/build/openjdk-8-pREaNj/openjdk-8-8u181-b13/src/hotspot/src/share/vm/runtime/sharedRuntime.cpp, line 605]

Events (10 events):
Event: 610,236 Executing VM operation: GetCurrentContendedMonitor done
Event: 610,237 Executing VM operation: GetOwnedMonitorInfo
Event: 610,237 Executing VM operation: GetOwnedMonitorInfo done
Event: 610,237 Executing VM operation: GetCurrentContendedMonitor
Event: 610,237 Executing VM operation: GetCurrentContendedMonitor done
Event: 610,238 Executing VM operation: GetCurrentContendedMonitor
Event: 610,238 Executing VM operation: GetCurrentContendedMonitor done
Event: 610,238 Executing VM operation: GetOwnedMonitorInfo
Event: 610,238 Executing VM operation: GetOwnedMonitorInfo done
Event: 613,289 Executing VM operation: GetOrSetLocal


Dynamic libraries:
00400000-00401000 r-xp 00000000 08:08 1056864                            /usr/lib/jvm/java-8-openjdk-amd64/jre/bin/java
00600000-00601000 r--p 00000000 08:08 1056864                            /usr/lib/jvm/java-8-openjdk-amd64/jre/bin/java
00601000-00602000 rw-p 00001000 08:08 1056864                            /usr/lib/jvm/java-8-openjdk-amd64/jre/bin/java
00626000-00647000 rw-p 00000000 00:00 0                                  [heap]
85200000-8a500000 rw-p 00000000 00:00 0 
8a500000-d7100000 ---p 00000000 00:00 0 
d7100000-d9a00000 rw-p 00000000 00:00 0 
d9a00000-100000000 ---p 00000000 00:00 0 
100000000-100180000 rw-p 00000000 00:00 0 
100180000-140000000 ---p 00000000 00:00 0 
7ff1c0000000-7ff1c0021000 rw-p 00000000 00:00 0 
7ff1c0021000-7ff1c4000000 ---p 00000000 00:00 0 
7ff1c8000000-7ff1c8996000 rw-p 00000000 00:00 0 
7ff1c8996000-7ff1cc000000 ---p 00000000 00:00 0 
7ff1cc000000-7ff1cc021000 rw-p 00000000 00:00 0 
7ff1cc021000-7ff1d0000000 ---p 00000000 00:00 0 
7ff1d0000000-7ff1d0204000 rw-p 00000000 00:00 0 
7ff1d0204000-7ff1d4000000 ---p 00000000 00:00 0 
7ff1d4000000-7ff1d43b9000 rw-p 00000000 00:00 0 
7ff1d43b9000-7ff1d8000000 ---p 00000000 00:00 0 
7ff1d8000000-7ff1d8021000 rw-p 00000000 00:00 0 
7ff1d8021000-7ff1dc000000 ---p 00000000 00:00 0 
7ff1dc000000-7ff1dc021000 rw-p 00000000 00:00 0 
7ff1dc021000-7ff1e0000000 ---p 00000000 00:00 0 
7ff1e0000000-7ff1e0021000 rw-p 00000000 00:00 0 
7ff1e0021000-7ff1e4000000 ---p 00000000 00:00 0 
7ff1e4000000-7ff1e4092000 rw-p 00000000 00:00 0 
7ff1e4092000-7ff1e8000000 ---p 00000000 00:00 0 
7ff1e8000000-7ff1e8021000 rw-p 00000000 00:00 0 
7ff1e8021000-7ff1ec000000 ---p 00000000 00:00 0 
7ff1ec000000-7ff1ec021000 rw-p 00000000 00:00 0 
7ff1ec021000-7ff1f0000000 ---p 00000000 00:00 0 
7ff1f0000000-7ff1f0021000 rw-p 00000000 00:00 0 
7ff1f0021000-7ff1f4000000 ---p 00000000 00:00 0 
7ff1f4000000-7ff1f4021000 rw-p 00000000 00:00 0 
7ff1f4021000-7ff1f8000000 ---p 00000000 00:00 0 
7ff1f8000000-7ff1f8021000 rw-p 00000000 00:00 0 
7ff1f8021000-7ff1fc000000 ---p 00000000 00:00 0 
7ff200000000-7ff200021000 rw-p 00000000 00:00 0 
7ff200021000-7ff204000000 ---p 00000000 00:00 0 
7ff204290000-7ff208000000 rw-p 00000000 00:00 0 
7ff208000000-7ff208021000 rw-p 00000000 00:00 0 
7ff208021000-7ff20c000000 ---p 00000000 00:00 0 
7ff20c30a000-7ff20c50a000 rw-p 00000000 00:00 0 
7ff20c50a000-7ff20c511000 r--s 00053000 08:08 6956732                    /home/oreste/.m2/repository/com/github/javaparser/javaparser-symbol-solver-core/3.5.20/javaparser-symbol-solver-core-3.5.20.jar
7ff20c511000-7ff20c520000 r--s 00105000 08:08 6825422                    /home/oreste/.m2/repository/com/github/javaparser/javaparser-core/3.6.12/javaparser-core-3.6.12.jar
7ff20c520000-7ff20c525000 r--s 00034000 08:08 4612831                    /home/oreste/eclipse-workspace/Enhancer/enhancer/lib/gson-2.8.2.jar
7ff20c525000-7ff20c535000 r--s 00100000 08:08 7649933                    /home/oreste/eclipse-workspace/Enhancer/enhancer/lib/org.eclipse.osgi_3.5.2.R35x_v20100126.jar
7ff20c535000-7ff20c55e000 r--s 00421000 08:08 7649932                    /home/oreste/eclipse-workspace/Enhancer/enhancer/lib/org.eclipse.jdt.core_3.5.2.v_981_R35x.jar
7ff20c55e000-7ff20c561000 r--s 00016000 08:08 7649931                    /home/oreste/eclipse-workspace/Enhancer/enhancer/lib/org.eclipse.equinox.preferences_3.2.301.R35x_v20091117.jar
7ff20c561000-7ff20c564000 r--s 00015000 08:08 7649930                    /home/oreste/eclipse-workspace/Enhancer/enhancer/lib/org.eclipse.equinox.common_3.5.1.R35x_v20090807-1100.jar
7ff20c564000-7ff20c566000 r--s 0000f000 08:08 7649929                    /home/oreste/eclipse-workspace/Enhancer/enhancer/lib/org.eclipse.core.runtime_3.5.0.v20090525.jar
7ff20c566000-7ff20c570000 r--s 000a1000 08:08 7649928                    /home/oreste/eclipse-workspace/Enhancer/enhancer/lib/org.eclipse.core.resources_3.5.2.R35x_v20091203-1235.jar
7ff20c570000-7ff20c572000 r--s 00011000 08:08 7649927                    /home/oreste/eclipse-workspace/Enhancer/enhancer/lib/org.eclipse.core.jobs_3.4.100.v20090429-1800.jar
7ff20c572000-7ff20c575000 r--s 00012000 08:08 7649926                    /home/oreste/eclipse-workspace/Enhancer/enhancer/lib/org.eclipse.core.contenttype_3.4.1.R35x_v20090826-0451.jar
7ff20c575000-7ff20c577000 r--s 0000d000 08:08 7649925                    /home/oreste/eclipse-workspace/Enhancer/enhancer/lib/commons-logging-1.1.1.jar
7ff20c577000-7ff20c57c000 r--s 00040000 08:08 7649924                    /home/oreste/eclipse-workspace/Enhancer/enhancer/lib/commons-lang-2.5.jar
7ff20c57c000-7ff20c582000 r--s 00043000 08:08 7649923                    /home/oreste/eclipse-workspace/Enhancer/enhancer/lib/commons-configuration-1.6.jar
7ff20c582000-7ff20c590000 r--s 0007f000 08:08 7649922                    /home/oreste/eclipse-workspace/Enhancer/enhancer/lib/commons-collections-3.2.1.jar
7ff20c590000-7ff20c5a3000 r--s 00346000 08:08 1049091                    /usr/lib/jvm/java-8-openjdk-amd64/jre/lib/resources.jar
7ff20c5a3000-7ff20c5be000 r--s 001d6000 08:08 1049103                    /usr/lib/jvm/java-8-openjdk-amd64/jre/lib/ext/nashorn.jar
7ff20c5be000-7ff20c5d9000 r--s 00394000 08:08 1049105                    /usr/lib/jvm/java-8-openjdk-amd64/jre/lib/ext/cldrdata.jar
7ff20c5d9000-7ff20c5da000 ---p 00000000 00:00 0 
7ff20c5da000-7ff20c6da000 rw-p 00000000 00:00 0 
7ff20c6da000-7ff20c6dd000 ---p 00000000 00:00 0 
7ff20c6dd000-7ff20c7db000 rw-p 00000000 00:00 0 
7ff20c7db000-7ff20c7de000 ---p 00000000 00:00 0 
7ff20c7de000-7ff20c8dc000 rw-p 00000000 00:00 0 
7ff20c8dc000-7ff20c8df000 ---p 00000000 00:00 0 
7ff20c8df000-7ff20c9dd000 rw-p 00000000 00:00 0 
7ff20c9dd000-7ff20c9e0000 ---p 00000000 00:00 0 
7ff20c9e0000-7ff20cade000 rw-p 00000000 00:00 0 
7ff20cade000-7ff20cae1000 ---p 00000000 00:00 0 
7ff20cae1000-7ff20cbdf000 rw-p 00000000 00:00 0 
7ff20cbdf000-7ff20cbe2000 ---p 00000000 00:00 0 
7ff20cbe2000-7ff20cce0000 rw-p 00000000 00:00 0 
7ff20cce0000-7ff20cce3000 ---p 00000000 00:00 0 
7ff20cce3000-7ff20cde1000 rw-p 00000000 00:00 0 
7ff20cde1000-7ff20cde5000 r-xp 00000000 08:08 1056838                    /usr/lib/jvm/java-8-openjdk-amd64/jre/lib/amd64/libdt_socket.so
7ff20cde5000-7ff20cfe4000 ---p 00004000 08:08 1056838                    /usr/lib/jvm/java-8-openjdk-amd64/jre/lib/amd64/libdt_socket.so
7ff20cfe4000-7ff20cfe5000 r--p 00003000 08:08 1056838                    /usr/lib/jvm/java-8-openjdk-amd64/jre/lib/amd64/libdt_socket.so
7ff20cfe5000-7ff20cfe6000 rw-p 00004000 08:08 1056838                    /usr/lib/jvm/java-8-openjdk-amd64/jre/lib/amd64/libdt_socket.so
7ff20cfe6000-7ff20cfe9000 ---p 00000000 00:00 0 
7ff20cfe9000-7ff20d0e7000 rw-p 00000000 00:00 0 
7ff20d0e7000-7ff20d0ea000 ---p 00000000 00:00 0 
7ff20d0ea000-7ff20d1e8000 rw-p 00000000 00:00 0 
7ff20d1e8000-7ff20d1eb000 ---p 00000000 00:00 0 
7ff20d1eb000-7ff20d2e9000 rw-p 00000000 00:00 0 
7ff20d2e9000-7ff20d2ea000 ---p 00000000 00:00 0 
7ff20d2ea000-7ff20e3cb000 rw-p 00000000 00:00 0 
7ff20e3cb000-7ff20e59a000 r--s 03c32000 08:08 1049089                    /usr/lib/jvm/java-8-openjdk-amd64/jre/lib/rt.jar
7ff20e59a000-7ff20f171000 rw-p 00000000 00:00 0 
7ff20f171000-7ff20f172000 ---p 00000000 00:00 0 
7ff20f172000-7ff20f272000 rw-p 00000000 00:00 0 
7ff20f272000-7ff20f273000 ---p 00000000 00:00 0 
7ff20f273000-7ff20f373000 rw-p 00000000 00:00 0 
7ff20f373000-7ff20f374000 ---p 00000000 00:00 0 
7ff20f374000-7ff20f49e000 rw-p 00000000 00:00 0 
7ff20f49e000-7ff20f704000 ---p 00000000 00:00 0 
7ff20f704000-7ff20f72e000 rw-p 00000000 00:00 0 
7ff20f72e000-7ff20f993000 ---p 00000000 00:00 0 
7ff20f993000-7ff20f9a8000 rw-p 00000000 00:00 0 
7ff20f9a8000-7ff20fadb000 ---p 00000000 00:00 0 
7ff20fadb000-7ff20faef000 rw-p 00000000 00:00 0 
7ff20faef000-7ff20fe9c000 ---p 00000000 00:00 0 
7ff20fe9c000-7ff21033c000 rwxp 00000000 00:00 0 
7ff21033c000-7ff21ee9c000 ---p 00000000 00:00 0 
7ff21ee9c000-7ff21eea4000 r-xp 00000000 08:08 1056827                    /usr/lib/jvm/java-8-openjdk-amd64/jre/lib/amd64/libzip.so
7ff21eea4000-7ff21f0a3000 ---p 00008000 08:08 1056827                    /usr/lib/jvm/java-8-openjdk-amd64/jre/lib/amd64/libzip.so
7ff21f0a3000-7ff21f0a4000 r--p 00007000 08:08 1056827                    /usr/lib/jvm/java-8-openjdk-amd64/jre/lib/amd64/libzip.so
7ff21f0a4000-7ff21f0a5000 rw-p 00008000 08:08 1056827                    /usr/lib/jvm/java-8-openjdk-amd64/jre/lib/amd64/libzip.so
7ff21f0a5000-7ff21f0b0000 r-xp 00000000 08:08 3413747                    /lib/x86_64-linux-gnu/libnss_files-2.23.so
7ff21f0b0000-7ff21f2af000 ---p 0000b000 08:08 3413747                    /lib/x86_64-linux-gnu/libnss_files-2.23.so
7ff21f2af000-7ff21f2b0000 r--p 0000a000 08:08 3413747                    /lib/x86_64-linux-gnu/libnss_files-2.23.so
7ff21f2b0000-7ff21f2b1000 rw-p 0000b000 08:08 3413747                    /lib/x86_64-linux-gnu/libnss_files-2.23.so
7ff21f2b1000-7ff21f2b7000 rw-p 00000000 00:00 0 
7ff21f2b7000-7ff21f2c2000 r-xp 00000000 08:08 3413751                    /lib/x86_64-linux-gnu/libnss_nis-2.23.so
7ff21f2c2000-7ff21f4c1000 ---p 0000b000 08:08 3413751                    /lib/x86_64-linux-gnu/libnss_nis-2.23.so
7ff21f4c1000-7ff21f4c2000 r--p 0000a000 08:08 3413751                    /lib/x86_64-linux-gnu/libnss_nis-2.23.so
7ff21f4c2000-7ff21f4c3000 rw-p 0000b000 08:08 3413751                    /lib/x86_64-linux-gnu/libnss_nis-2.23.so
7ff21f4c3000-7ff21f4d9000 r-xp 00000000 08:08 3413731                    /lib/x86_64-linux-gnu/libnsl-2.23.so
7ff21f4d9000-7ff21f6d8000 ---p 00016000 08:08 3413731                    /lib/x86_64-linux-gnu/libnsl-2.23.so
7ff21f6d8000-7ff21f6d9000 r--p 00015000 08:08 3413731                    /lib/x86_64-linux-gnu/libnsl-2.23.so
7ff21f6d9000-7ff21f6da000 rw-p 00016000 08:08 3413731                    /lib/x86_64-linux-gnu/libnsl-2.23.so
7ff21f6da000-7ff21f6dc000 rw-p 00000000 00:00 0 
7ff21f6dc000-7ff21f6e4000 r-xp 00000000 08:08 3413742                    /lib/x86_64-linux-gnu/libnss_compat-2.23.so
7ff21f6e4000-7ff21f8e3000 ---p 00008000 08:08 3413742                    /lib/x86_64-linux-gnu/libnss_compat-2.23.so
7ff21f8e3000-7ff21f8e4000 r--p 00007000 08:08 3413742                    /lib/x86_64-linux-gnu/libnss_compat-2.23.so
7ff21f8e4000-7ff21f8e5000 rw-p 00008000 08:08 3413742                    /lib/x86_64-linux-gnu/libnss_compat-2.23.so
7ff21f8e5000-7ff21fbbf000 r--p 00000000 08:08 788423                     /usr/lib/locale/locale-archive
7ff21fbbf000-7ff21fbc1000 r-xp 00000000 08:08 1056839                    /usr/lib/jvm/java-8-openjdk-amd64/jre/lib/amd64/libnpt.so
7ff21fbc1000-7ff21fdc1000 ---p 00002000 08:08 1056839                    /usr/lib/jvm/java-8-openjdk-amd64/jre/lib/amd64/libnpt.so
7ff21fdc1000-7ff21fdc2000 r--p 00002000 08:08 1056839                    /usr/lib/jvm/java-8-openjdk-amd64/jre/lib/amd64/libnpt.so
7ff21fdc2000-7ff21fdc3000 rw-p 00003000 08:08 1056839                    /usr/lib/jvm/java-8-openjdk-amd64/jre/lib/amd64/libnpt.so
7ff21fdc3000-7ff21fdfe000 r-xp 00000000 08:08 1056836                    /usr/lib/jvm/java-8-openjdk-amd64/jre/lib/amd64/libjdwp.so
7ff21fdfe000-7ff21fffe000 ---p 0003b000 08:08 1056836                    /usr/lib/jvm/java-8-openjdk-amd64/jre/lib/amd64/libjdwp.so
7ff21fffe000-7ff21ffff000 r--p 0003b000 08:08 1056836                    /usr/lib/jvm/java-8-openjdk-amd64/jre/lib/amd64/libjdwp.so
7ff21ffff000-7ff220000000 rw-p 0003c000 08:08 1056836                    /usr/lib/jvm/java-8-openjdk-amd64/jre/lib/amd64/libjdwp.so
7ff220000000-7ff2206af000 rw-p 00000000 00:00 0 
7ff2206af000-7ff224000000 ---p 00000000 00:00 0 
7ff224000000-7ff224005000 r--s 002f9000 08:08 1056852                    /usr/lib/jvm/java-8-openjdk-amd64/jre/lib/charsets.jar
7ff224005000-7ff22407b000 rw-p 00000000 00:00 0 
7ff22407b000-7ff22407c000 ---p 00000000 00:00 0 
7ff22407c000-7ff22417c000 rw-p 00000000 00:00 0 
7ff22417c000-7ff2241a9000 r-xp 00000000 08:08 1056844                    /usr/lib/jvm/java-8-openjdk-amd64/jre/lib/amd64/libjava.so
7ff2241a9000-7ff2243a8000 ---p 0002d000 08:08 1056844                    /usr/lib/jvm/java-8-openjdk-amd64/jre/lib/amd64/libjava.so
7ff2243a8000-7ff2243a9000 r--p 0002c000 08:08 1056844                    /usr/lib/jvm/java-8-openjdk-amd64/jre/lib/amd64/libjava.so
7ff2243a9000-7ff2243ab000 rw-p 0002d000 08:08 1056844                    /usr/lib/jvm/java-8-openjdk-amd64/jre/lib/amd64/libjava.so
7ff2243ab000-7ff2243ba000 r-xp 00000000 08:08 1056832                    /usr/lib/jvm/java-8-openjdk-amd64/jre/lib/amd64/libverify.so
7ff2243ba000-7ff2245b9000 ---p 0000f000 08:08 1056832                    /usr/lib/jvm/java-8-openjdk-amd64/jre/lib/amd64/libverify.so
7ff2245b9000-7ff2245bb000 r--p 0000e000 08:08 1056832                    /usr/lib/jvm/java-8-openjdk-amd64/jre/lib/amd64/libverify.so
7ff2245bb000-7ff2245bc000 rw-p 00010000 08:08 1056832                    /usr/lib/jvm/java-8-openjdk-amd64/jre/lib/amd64/libverify.so
7ff2245bc000-7ff2245c3000 r-xp 00000000 08:08 3413752                    /lib/x86_64-linux-gnu/librt-2.23.so
7ff2245c3000-7ff2247c2000 ---p 00007000 08:08 3413752                    /lib/x86_64-linux-gnu/librt-2.23.so
7ff2247c2000-7ff2247c3000 r--p 00006000 08:08 3413752                    /lib/x86_64-linux-gnu/librt-2.23.so
7ff2247c3000-7ff2247c4000 rw-p 00007000 08:08 3413752                    /lib/x86_64-linux-gnu/librt-2.23.so
7ff2247c4000-7ff2247da000 r-xp 00000000 08:08 3412543                    /lib/x86_64-linux-gnu/libgcc_s.so.1
7ff2247da000-7ff2249d9000 ---p 00016000 08:08 3412543                    /lib/x86_64-linux-gnu/libgcc_s.so.1
7ff2249d9000-7ff2249da000 rw-p 00015000 08:08 3412543                    /lib/x86_64-linux-gnu/libgcc_s.so.1
7ff2249da000-7ff224ae2000 r-xp 00000000 08:08 3413730                    /lib/x86_64-linux-gnu/libm-2.23.so
7ff224ae2000-7ff224ce1000 ---p 00108000 08:08 3413730                    /lib/x86_64-linux-gnu/libm-2.23.so
7ff224ce1000-7ff224ce2000 r--p 00107000 08:08 3413730                    /lib/x86_64-linux-gnu/libm-2.23.so
7ff224ce2000-7ff224ce3000 rw-p 00108000 08:08 3413730                    /lib/x86_64-linux-gnu/libm-2.23.so
7ff224ce3000-7ff224e55000 r-xp 00000000 08:08 801617                     /usr/lib/x86_64-linux-gnu/libstdc++.so.6.0.21
7ff224e55000-7ff225055000 ---p 00172000 08:08 801617                     /usr/lib/x86_64-linux-gnu/libstdc++.so.6.0.21
7ff225055000-7ff22505f000 r--p 00172000 08:08 801617                     /usr/lib/x86_64-linux-gnu/libstdc++.so.6.0.21
7ff22505f000-7ff225061000 rw-p 0017c000 08:08 801617                     /usr/lib/x86_64-linux-gnu/libstdc++.so.6.0.21
7ff225061000-7ff225065000 rw-p 00000000 00:00 0 
7ff225065000-7ff225cc2000 r-xp 00000000 08:08 1049129                    /usr/lib/jvm/java-8-openjdk-amd64/jre/lib/amd64/server/libjvm.so
7ff225cc2000-7ff225ec2000 ---p 00c5d000 08:08 1049129                    /usr/lib/jvm/java-8-openjdk-amd64/jre/lib/amd64/server/libjvm.so
7ff225ec2000-7ff225f56000 r--p 00c5d000 08:08 1049129                    /usr/lib/jvm/java-8-openjdk-amd64/jre/lib/amd64/server/libjvm.so
7ff225f56000-7ff225f7f000 rw-p 00cf1000 08:08 1049129                    /usr/lib/jvm/java-8-openjdk-amd64/jre/lib/amd64/server/libjvm.so
7ff225f7f000-7ff225faf000 rw-p 00000000 00:00 0 
7ff225faf000-7ff225fc7000 r-xp 00000000 08:08 3413733                    /lib/x86_64-linux-gnu/libpthread-2.23.so
7ff225fc7000-7ff2261c6000 ---p 00018000 08:08 3413733                    /lib/x86_64-linux-gnu/libpthread-2.23.so
7ff2261c6000-7ff2261c7000 r--p 00017000 08:08 3413733                    /lib/x86_64-linux-gnu/libpthread-2.23.so
7ff2261c7000-7ff2261c8000 rw-p 00018000 08:08 3413733                    /lib/x86_64-linux-gnu/libpthread-2.23.so
7ff2261c8000-7ff2261cc000 rw-p 00000000 00:00 0 
7ff2261cc000-7ff2261cf000 r-xp 00000000 08:08 3413736                    /lib/x86_64-linux-gnu/libdl-2.23.so
7ff2261cf000-7ff2263ce000 ---p 00003000 08:08 3413736                    /lib/x86_64-linux-gnu/libdl-2.23.so
7ff2263ce000-7ff2263cf000 r--p 00002000 08:08 3413736                    /lib/x86_64-linux-gnu/libdl-2.23.so
7ff2263cf000-7ff2263d0000 rw-p 00003000 08:08 3413736                    /lib/x86_64-linux-gnu/libdl-2.23.so
7ff2263d0000-7ff2263e9000 r-xp 00000000 08:08 3412696                    /lib/x86_64-linux-gnu/libz.so.1.2.8
7ff2263e9000-7ff2265e8000 ---p 00019000 08:08 3412696                    /lib/x86_64-linux-gnu/libz.so.1.2.8
7ff2265e8000-7ff2265e9000 r--p 00018000 08:08 3412696                    /lib/x86_64-linux-gnu/libz.so.1.2.8
7ff2265e9000-7ff2265ea000 rw-p 00019000 08:08 3412696                    /lib/x86_64-linux-gnu/libz.so.1.2.8
7ff2265ea000-7ff2267aa000 r-xp 00000000 08:08 3413734                    /lib/x86_64-linux-gnu/libc-2.23.so
7ff2267aa000-7ff2269aa000 ---p 001c0000 08:08 3413734                    /lib/x86_64-linux-gnu/libc-2.23.so
7ff2269aa000-7ff2269ae000 r--p 001c0000 08:08 3413734                    /lib/x86_64-linux-gnu/libc-2.23.so
7ff2269ae000-7ff2269b0000 rw-p 001c4000 08:08 3413734                    /lib/x86_64-linux-gnu/libc-2.23.so
7ff2269b0000-7ff2269b4000 rw-p 00000000 00:00 0 
7ff2269b4000-7ff2269c1000 r-xp 00000000 08:08 1056829                    /usr/lib/jvm/java-8-openjdk-amd64/jre/lib/amd64/jli/libjli.so
7ff2269c1000-7ff226bc1000 ---p 0000d000 08:08 1056829                    /usr/lib/jvm/java-8-openjdk-amd64/jre/lib/amd64/jli/libjli.so
7ff226bc1000-7ff226bc2000 r--p 0000d000 08:08 1056829                    /usr/lib/jvm/java-8-openjdk-amd64/jre/lib/amd64/jli/libjli.so
7ff226bc2000-7ff226bc3000 rw-p 0000e000 08:08 1056829                    /usr/lib/jvm/java-8-openjdk-amd64/jre/lib/amd64/jli/libjli.so
7ff226bc3000-7ff226be9000 r-xp 00000000 08:08 3413732                    /lib/x86_64-linux-gnu/ld-2.23.so
7ff226be9000-7ff226bea000 r--s 0000f000 08:08 4612829                    /home/oreste/eclipse-workspace/Enhancer/enhancer/lib/json-20140107.jar
7ff226bea000-7ff226bec000 r--s 00016000 08:08 1049125                    /usr/lib/jvm/java-8-openjdk-amd64/jre/lib/jce.jar
7ff226bec000-7ff226bf1000 r--s 0009d000 08:08 1049087                    /usr/lib/jvm/java-8-openjdk-amd64/jre/lib/jsse.jar
7ff226bf1000-7ff226bf4000 r--s 00038000 08:08 1049107                    /usr/lib/jvm/java-8-openjdk-amd64/jre/lib/ext/sunpkcs11.jar
7ff226bf4000-7ff226cbf000 rw-p 00000000 00:00 0 
7ff226cbf000-7ff226cc2000 ---p 00000000 00:00 0 
7ff226cc2000-7ff226dc4000 rw-p 00000000 00:00 0 
7ff226dc4000-7ff226dc5000 r--s 00010000 08:08 1049111                    /usr/lib/jvm/java-8-openjdk-amd64/jre/lib/ext/zipfs.jar
7ff226dc5000-7ff226dc8000 r--s 0000f000 08:08 1049101                    /usr/lib/jvm/java-8-openjdk-amd64/jre/lib/ext/icedtea-sound.jar
7ff226dc8000-7ff226dca000 r--s 00008000 08:08 1049117                    /usr/lib/jvm/java-8-openjdk-amd64/jre/lib/ext/sunec.jar
7ff226dca000-7ff226dd0000 r--s 0003b000 08:08 1049115                    /usr/lib/jvm/java-8-openjdk-amd64/jre/lib/ext/sunjce_provider.jar
7ff226dd0000-7ff226dd1000 r--s 0000a000 08:08 1049119                    /usr/lib/jvm/java-8-openjdk-amd64/jre/lib/ext/jaccess.jar
7ff226dd1000-7ff226dd3000 r--s 00001000 08:08 1049109                    /usr/lib/jvm/java-8-openjdk-amd64/jre/lib/ext/dnsns.jar
7ff226dd3000-7ff226ddd000 r--s 00116000 08:08 1049113                    /usr/lib/jvm/java-8-openjdk-amd64/jre/lib/ext/localedata.jar
7ff226ddd000-7ff226de5000 rw-s 00000000 08:08 5002456                    /tmp/hsperfdata_oreste/7478
7ff226de5000-7ff226de6000 rw-p 00000000 00:00 0 
7ff226de6000-7ff226de7000 ---p 00000000 00:00 0 
7ff226de7000-7ff226de8000 rw-p 00000000 00:00 0 
7ff226de8000-7ff226de9000 r--p 00025000 08:08 3413732                    /lib/x86_64-linux-gnu/ld-2.23.so
7ff226de9000-7ff226dea000 rw-p 00026000 08:08 3413732                    /lib/x86_64-linux-gnu/ld-2.23.so
7ff226dea000-7ff226deb000 rw-p 00000000 00:00 0 
7ffc78997000-7ffc789b9000 rw-p 00000000 00:00 0                          [stack]
7ffc789fa000-7ffc789fd000 r--p 00000000 00:00 0                          [vvar]
7ffc789fd000-7ffc789ff000 r-xp 00000000 00:00 0                          [vdso]
ffffffffff600000-ffffffffff601000 r-xp 00000000 00:00 0                  [vsyscall]

VM Arguments:
jvm_args: -agentlib:jdwp=transport=dt_socket,suspend=y,address=localhost:46623 -Dfile.encoding=UTF-8 
java_command: it.enhancer.enhancer.Enhancer
java_class_path (initial): /usr/lib/jvm/java-8-openjdk-amd64/jre/lib/resources.jar:/usr/lib/jvm/java-8-openjdk-amd64/jre/lib/rt.jar:/usr/lib/jvm/java-8-openjdk-amd64/jre/lib/jsse.jar:/usr/lib/jvm/java-8-openjdk-amd64/jre/lib/jce.jar:/usr/lib/jvm/java-8-openjdk-amd64/jre/lib/charsets.jar:/usr/lib/jvm/java-8-openjdk-amd64/jre/lib/ext/localedata.jar:/usr/lib/jvm/java-8-openjdk-amd64/jre/lib/ext/dnsns.jar:/usr/lib/jvm/java-8-openjdk-amd64/jre/lib/ext/jaccess.jar:/usr/lib/jvm/java-8-openjdk-amd64/jre/lib/ext/cldrdata.jar:/usr/lib/jvm/java-8-openjdk-amd64/jre/lib/ext/sunjce_provider.jar:/usr/lib/jvm/java-8-openjdk-amd64/jre/lib/ext/nashorn.jar:/usr/lib/jvm/java-8-openjdk-amd64/jre/lib/ext/sunec.jar:/usr/lib/jvm/java-8-openjdk-amd64/jre/lib/ext/icedtea-sound.jar:/usr/lib/jvm/java-8-openjdk-amd64/jre/lib/ext/zipfs.jar:/usr/lib/jvm/java-8-openjdk-amd64/jre/lib/ext/sunpkcs11.jar:/home/oreste/eclipse-workspace/Enhancer/enhancer/target/classes:/home/oreste/eclipse-workspace/Enhancer/enhancer/lib/commons-collections-3.2.1.jar:/home/oreste/eclipse-workspace/Enhancer/enhancer/lib/commons-configuration-1.6.jar:/home/oreste/eclipse-workspace/Enhancer/enhancer/lib/commons-lang-2.5.jar:/home/oreste/eclipse-workspace/Enhancer/enhancer/lib/commons-logging-1.1.1.jar:/home/oreste/eclipse-workspace/Enhancer/enhancer/lib/org.eclipse.core.contenttype_3.4.1.R35x_v20090826-0451.jar:/home/oreste/eclipse-workspace/Enhancer/enhancer/lib/org.eclipse.core.jobs_3.4.100.v20090429-1800.jar:/home/oreste/eclipse-workspace/Enhancer/enhancer/lib/org.eclipse.core.resources_3.5.2.R35x_v20091203-1235.jar:/home/oreste/eclipse-workspace/Enhancer/enhancer/lib/org.eclipse.core.runtime_3.5.0.v20090525.jar:/home/oreste/eclipse-workspace/Enhancer/enhancer/lib/org.eclipse.equinox.common_3.5.1.R35x_v20090807-1100.jar:/home/oreste/eclipse-workspace/Enhancer/enhancer/lib/org.eclipse.equinox.preferences_3.2.301.R35x_v20091117.jar:/home/oreste/eclipse-workspace/Enhancer/enhancer/lib/org.eclipse.jdt.core_3.5.2.v_981_R35
Launcher Type: SUN_STANDARD

Environment Variables:
JAVA_HOME=/usr/lib/jvm/java-8-oracle
PATH=/home/oreste/bin:/home/oreste/.local/bin:/usr/local/sbin:/usr/local/bin:/usr/sbin:/usr/bin:/sbin:/bin:/usr/games:/usr/local/games
SHELL=/bin/bash
DISPLAY=:0.0

Signal Handlers:
SIGSEGV: [libjvm.so+0xa71a30], sa_mask[0]=11111111011111111101111111111110, sa_flags=SA_RESTART|SA_SIGINFO
SIGBUS: [libjvm.so+0xa71a30], sa_mask[0]=11111111011111111101111111111110, sa_flags=SA_RESTART|SA_SIGINFO
SIGFPE: [libjvm.so+0x8b8f40], sa_mask[0]=11111111011111111101111111111110, sa_flags=SA_RESTART|SA_SIGINFO
SIGPIPE: [libjvm.so+0x8b8f40], sa_mask[0]=11111111011111111101111111111110, sa_flags=SA_RESTART|SA_SIGINFO
SIGXFSZ: [libjvm.so+0x8b8f40], sa_mask[0]=11111111011111111101111111111110, sa_flags=SA_RESTART|SA_SIGINFO
SIGILL: [libjvm.so+0x8b8f40], sa_mask[0]=11111111011111111101111111111110, sa_flags=SA_RESTART|SA_SIGINFO
SIGUSR1: SIG_DFL, sa_mask[0]=00000000000000000000000000000000, sa_flags=none
SIGUSR2: [libjvm.so+0x8b8df0], sa_mask[0]=00100000000000000000000000000000, sa_flags=SA_RESTART|SA_SIGINFO
SIGHUP: [libjvm.so+0x8b92c0], sa_mask[0]=11111111011111111101111111111110, sa_flags=SA_RESTART|SA_SIGINFO
SIGINT: [libjvm.so+0x8b92c0], sa_mask[0]=11111111011111111101111111111110, sa_flags=SA_RESTART|SA_SIGINFO
SIGTERM: [libjvm.so+0x8b92c0], sa_mask[0]=11111111011111111101111111111110, sa_flags=SA_RESTART|SA_SIGINFO
SIGQUIT: [libjvm.so+0x8b92c0], sa_mask[0]=11111111011111111101111111111110, sa_flags=SA_RESTART|SA_SIGINFO


---------------  S Y S T E M  ---------------

OS:DISTRIB_ID=LinuxMint
DISTRIB_RELEASE=18.3
DISTRIB_CODENAME=sylvia
DISTRIB_DESCRIPTION="Linux Mint 18.3 Sylvia"

uname:Linux 4.15.0-38-generic #41~16.04.1-Ubuntu SMP Wed Oct 10 20:16:04 UTC 2018 x86_64
libc:glibc 2.23 NPTL 2.23 
rlimit: STACK 8192k, CORE 0k, NPROC 31123, NOFILE 1048576, AS infinity
load average:0,19 0,16 0,16

/proc/meminfo:
MemTotal:        8051552 kB
MemFree:         3559380 kB
MemAvailable:    4908976 kB
Buffers:          135512 kB
Cached:          1703668 kB
SwapCached:            0 kB
Active:          2978388 kB
Inactive:        1230896 kB
Active(anon):    2379684 kB
Inactive(anon):   317408 kB
Active(file):     598704 kB
Inactive(file):   913488 kB
Unevictable:          48 kB
Mlocked:              48 kB
SwapTotal:       8269820 kB
SwapFree:        8269820 kB
Dirty:               228 kB
Writeback:             0 kB
AnonPages:       2370168 kB
Mapped:           599012 kB
Shmem:            326988 kB
Slab:             158336 kB
SReclaimable:     115404 kB
SUnreclaim:        42932 kB
KernelStack:       10240 kB
PageTables:        38132 kB
NFS_Unstable:          0 kB
Bounce:                0 kB
WritebackTmp:          0 kB
CommitLimit:    12295596 kB
Committed_AS:    6497576 kB
VmallocTotal:   34359738367 kB
VmallocUsed:           0 kB
VmallocChunk:          0 kB
HardwareCorrupted:     0 kB
AnonHugePages:         0 kB
ShmemHugePages:        0 kB
ShmemPmdMapped:        0 kB
CmaTotal:              0 kB
CmaFree:               0 kB
HugePages_Total:       0
HugePages_Free:        0
HugePages_Rsvd:        0
HugePages_Surp:        0
Hugepagesize:       2048 kB
DirectMap4k:      137116 kB
DirectMap2M:     8134656 kB


CPU:total 4 (initial active 4) (2 cores per cpu, 2 threads per core) family 6 model 58 stepping 9, cmov, cx8, fxsr, mmx, sse, sse2, sse3, ssse3, sse4.1, sse4.2, popcnt, avx, aes, clmul, erms, ht, tsc, tscinvbit, tscinv

/proc/cpuinfo:
processor	: 0
vendor_id	: GenuineIntel
cpu family	: 6
model		: 58
model name	: Intel(R) Core(TM) i5-3317U CPU @ 1.70GHz
stepping	: 9
microcode	: 0x15
cpu MHz		: 1518.855
cache size	: 3072 KB
physical id	: 0
siblings	: 4
core id		: 0
cpu cores	: 2
apicid		: 0
initial apicid	: 0
fpu		: yes
fpu_exception	: yes
cpuid level	: 13
wp		: yes
flags		: fpu vme de pse tsc msr pae mce cx8 apic sep mtrr pge mca cmov pat pse36 clflush dts acpi mmx fxsr sse sse2 ss ht tm pbe syscall nx rdtscp lm constant_tsc arch_perfmon pebs bts rep_good nopl xtopology nonstop_tsc cpuid aperfmperf pni pclmulqdq dtes64 monitor ds_cpl vmx est tm2 ssse3 cx16 xtpr pdcm pcid sse4_1 sse4_2 x2apic popcnt tsc_deadline_timer aes xsave avx f16c rdrand lahf_lm cpuid_fault epb pti tpr_shadow vnmi flexpriority ept vpid fsgsbase smep erms xsaveopt dtherm ida arat pln pts
bugs		: cpu_meltdown spectre_v1 spectre_v2 spec_store_bypass l1tf
bogomips	: 3392.21
clflush size	: 64
cache_alignment	: 64
address sizes	: 36 bits physical, 48 bits virtual
power management:

processor	: 1
vendor_id	: GenuineIntel
cpu family	: 6
model		: 58
model name	: Intel(R) Core(TM) i5-3317U CPU @ 1.70GHz
stepping	: 9
microcode	: 0x15
cpu MHz		: 1414.760
cache size	: 3072 KB
physical id	: 0
siblings	: 4
core id		: 1
cpu cores	: 2
apicid		: 2
initial apicid	: 2
fpu		: yes
fpu_exception	: yes
cpuid level	: 13
wp		: yes
flags		: fpu vme de pse tsc msr pae mce cx8 apic sep mtrr pge mca cmov pat pse36 clflush dts acpi mmx fxsr sse sse2 ss ht tm pbe syscall nx rdtscp lm constant_tsc arch_perfmon pebs bts rep_good nopl xtopology nonstop_tsc cpuid aperfmperf pni pclmulqdq dtes64 monitor ds_cpl vmx est tm2 ssse3 cx16 xtpr pdcm pcid sse4_1 sse4_2 x2apic popcnt tsc_deadline_timer aes xsave avx f16c rdrand lahf_lm cpuid_fault epb pti tpr_shadow vnmi flexpriority ept vpid fsgsbase smep erms xsaveopt dtherm ida arat pln pts
bugs		: cpu_meltdown spectre_v1 spectre_v2 spec_store_bypass l1tf
bogomips	: 3392.21
clflush size	: 64
cache_alignment	: 64
address sizes	: 36 bits physical, 48 bits virtual
power management:

processor	: 2
vendor_id	: GenuineIntel
cpu family	: 6
model		: 58
model name	: Intel(R) Core(TM) i5-3317U CPU @ 1.70GHz
stepping	: 9
microcode	: 0x15
cpu MHz		: 1472.506
cache size	: 3072 KB
physical id	: 0
siblings	: 4
core id		: 0
cpu cores	: 2
apicid		: 1
initial apicid	: 1
fpu		: yes
fpu_exception	: yes
cpuid level	: 13
wp		: yes
flags		: fpu vme de pse tsc msr pae mce cx8 apic sep mtrr pge mca cmov pat pse36 clflush dts acpi mmx fxsr sse sse2 ss ht tm pbe syscall nx rdtscp lm constant_tsc arch_perfmon pebs bts rep_good nopl xtopology nonstop_tsc cpuid aperfmperf pni pclmulqdq dtes64 monitor ds_cpl vmx est tm2 ssse3 cx16 xtpr pdcm pcid sse4_1 sse4_2 x2apic popcnt tsc_deadline_timer aes xsave avx f16c rdrand lahf_lm cpuid_fault epb pti tpr_shadow vnmi flexpriority ept vpid fsgsbase smep erms xsaveopt dtherm ida arat pln pts
bugs		: cpu_meltdown spectre_v1 spectre_v2 spec_store_bypass l1tf
bogomips	: 3392.21
clflush size	: 64
cache_alignment	: 64
address sizes	: 36 bits physical, 48 bits virtual
power management:

processor	: 3
vendor_id	: GenuineIntel
cpu family	: 6
model		: 58
model name	: Intel(R) Core(TM) i5-3317U CPU @ 1.70GHz
stepping	: 9
microcode	: 0x15
cpu MHz		: 1404.904
cache size	: 3072 KB
physical id	: 0
siblings	: 4
core id		: 1
cpu cores	: 2
apicid		: 3
initial apicid	: 3
fpu		: yes
fpu_exception	: yes
cpuid level	: 13
wp		: yes
flags		: fpu vme de pse tsc msr pae mce cx8 apic sep mtrr pge mca cmov pat pse36 clflush dts acpi mmx fxsr sse sse2 ss ht tm pbe syscall nx rdtscp lm constant_tsc arch_perfmon pebs bts rep_good nopl xtopology nonstop_tsc cpuid aperfmperf pni pclmulqdq dtes64 monitor ds_cpl vmx est tm2 ssse3 cx16 xtpr pdcm pcid sse4_1 sse4_2 x2apic popcnt tsc_deadline_timer aes xsave avx f16c rdrand lahf_lm cpuid_fault epb pti tpr_shadow vnmi flexpriority ept vpid fsgsbase smep erms xsaveopt dtherm ida arat pln pts
bugs		: cpu_meltdown spectre_v1 spectre_v2 spec_store_bypass l1tf
bogomips	: 3392.21
clflush size	: 64
cache_alignment	: 64
address sizes	: 36 bits physical, 48 bits virtual
power management:



Memory: 4k page, physical 8051552k(3559380k free), swap 8269820k(8269820k free)

vm_info: OpenJDK 64-Bit Server VM (25.181-b13) for linux-amd64 JRE (1.8.0_181-8u181-b13-0ubuntu0.16.04.1-b13), built on Jul 30 2018 21:06:27 by "buildd" with gcc 5.4.0 20160609

time: Thu Nov  8 11:24:54 2018
elapsed time: 613 seconds (0d 0h 10m 13s)

